2026-07-17 11:15:32 [INFO] Logger initialized successfully
2026-07-17 11:15:32 [WARN] This is a warning
2026-07-17 11:15:32 [ERROR] This is a sample error
 2026-07-17 15:55:34 [ERROR] MongooseServerSelectionError: connect ECONNREFUSED 127.0.0.1:27017
    at _handleConnectionErrors (C:\Users\promise.okere\OneDrive - Interswitch Limited\BACKEND TRAINING\CAPSTONE PROJECT\HealthNest\node_modules\mongoose\lib\connection.js:1180:11)
    at NativeConnection.openUri (C:\Users\promise.okere\OneDrive - Interswitch Limited\BACKEND TRAINING\CAPSTONE PROJECT\HealthNest\node_modules\mongoose\lib\connection.js:1111:11)
    at async connectDatabase (C:\Users\promise.okere\OneDrive - Interswitch Limited\BACKEND TRAINING\CAPSTONE PROJECT\HealthNest\src\database\connection.js:7:5)
    at async startServer (C:\Users\promise.okere\OneDrive - Interswitch Limited\BACKEND TRAINING\CAPSTONE PROJECT\HealthNest\src\server.js:8:5)
2026-07-17 15:57:12 [INFO] MongoDB connected successfully.
2026-07-17 15:57:12 [INFO] Database: test
2026-07-17 15:57:12 [INFO] 
=========================================
Personal Health Companion API Started
=========================================
Environment : development
Port        : 5000
API Version : v1
=========================================

2026-07-17 16:02:00 [INFO] MongoDB connected successfully.
2026-07-17 16:02:00 [INFO] Database: test
2026-07-17 16:02:00 [INFO] 
=========================================
Personal Health Companion API Started
=========================================
Environment : development
Port        : 5000
API Version : v1
=========================================

2026-07-17 16:13:27 [INFO] MongoDB connected successfully.
2026-07-17 16:13:27 [INFO] Database: test
2026-07-17 16:13:27 [INFO] 
=========================================
Personal Health Companion API Started
=========================================
Environment : development
Port        : 5000
API Version : v1
=========================================

2026-07-17 16:19:50 [INFO] MongoDB connected successfully.
2026-07-17 16:19:50 [INFO] Database: test
2026-07-17 16:19:50 [INFO] 
=========================================
Personal Health Companion API Started
=========================================
Environment : development
Port        : 5000
API Version : v1
=========================================

2026-07-17 16:21:36 [INFO] MongoDB connected successfully.
2026-07-17 16:21:36 [INFO] Database: test
2026-07-17 16:21:36 [INFO] Host: cluster0-shard-00-00.8emvu.mongodb.net
2026-07-17 16:21:36 [INFO] 
=========================================
Personal Health Companion API Started
=========================================
Environment : development
Port        : 5000
API Version : v1
=========================================

2026-07-17 16:23:34 [INFO] MongoDB connection established.
2026-07-17 16:23:34 [INFO] MongoDB connected successfully.
2026-07-17 16:23:34 [INFO] Database: test
2026-07-17 16:23:34 [INFO] Host: cluster0-shard-00-00.8emvu.mongodb.net
2026-07-17 16:23:34 [INFO] 
=========================================
Personal Health Companion API Started
=========================================
Environment : development
Port        : 5000
API Version : v1
=========================================

2026-07-17 16:24:14 [INFO] MongoDB connection established.
2026-07-17 16:24:14 [INFO] MongoDB connected successfully.
2026-07-17 16:24:14 [INFO] Database: test
2026-07-17 16:24:14 [INFO] Host: cluster0-shard-00-02.8emvu.mongodb.net
2026-07-17 16:24:14 [INFO] 
=========================================
Personal Health Companion API Started
=========================================
Environment : development
Port        : 5000
API Version : v1
=========================================

2026-07-19 16:14:12 [INFO] MongoDB connection established.
2026-07-19 16:14:12 [INFO] MongoDB connected successfully.
2026-07-19 16:14:12 [INFO] Database: test
2026-07-19 16:14:12 [INFO] Host: cluster0-shard-00-00.8emvu.mongodb.net
2026-07-19 16:14:12 [INFO] 
=========================================
Personal Health Companion API Started
=========================================
Environment : development
Port        : 5000
API Version : v1
=========================================

2026-07-19 16:16:19 [INFO] MongoDB connection established.
2026-07-19 16:16:19 [INFO] MongoDB connected successfully.
2026-07-19 16:16:19 [INFO] Database: test
2026-07-19 16:16:19 [INFO] Host: cluster0-shard-00-02.8emvu.mongodb.net
2026-07-19 16:16:19 [INFO] 
=========================================
Personal Health Companion API Started
=========================================
Environment : development
Port        : 5000
API Version : v1
=========================================

2026-07-19 16:16:27 [HTTP] ::1 - - [19/Jul/2026:15:16:27 +0000] "GET /api/v1/health HTTP/1.1" 200 200 "-" "PostmanRuntime/7.54.0"
2026-07-19 16:17:20 [INFO] MongoDB connection established.
2026-07-19 16:17:20 [INFO] MongoDB connected successfully.
2026-07-19 16:17:20 [INFO] Database: test
2026-07-19 16:17:20 [INFO] Host: cluster0-shard-00-00.8emvu.mongodb.net
2026-07-19 16:17:20 [INFO] 
=========================================
Personal Health Companion API Started
=========================================
Environment : development
Port        : 5000
API Version : v1
=========================================

2026-07-19 16:22:36 [INFO] MongoDB connection established.
2026-07-19 16:22:36 [INFO] MongoDB connected successfully.
2026-07-19 16:22:36 [INFO] Database: test
2026-07-19 16:22:36 [INFO] Host: cluster0-shard-00-00.8emvu.mongodb.net
2026-07-19 16:22:36 [INFO] 
=========================================
Personal Health Companion API Started
=========================================
Environment : development
Port        : 5000
API Version : v1
=========================================

2026-07-19 16:22:54 [INFO] MongoDB connection established.
2026-07-19 16:22:54 [INFO] MongoDB connected successfully.
2026-07-19 16:22:54 [INFO] Database: test
2026-07-19 16:22:54 [INFO] Host: cluster0-shard-00-02.8emvu.mongodb.net
2026-07-19 16:22:54 [INFO] 
=========================================
Personal Health Companion API Started
=========================================
Environment : development
Port        : 5000
API Version : v1
=========================================

2026-07-19 16:23:09 [INFO] MongoDB connection established.
2026-07-19 16:23:10 [INFO] MongoDB connected successfully.
2026-07-19 16:23:10 [INFO] Database: test
2026-07-19 16:23:10 [INFO] Host: cluster0-shard-00-00.8emvu.mongodb.net
2026-07-19 16:23:10 [INFO] 
=========================================
Personal Health Companion API Started
=========================================
Environment : development
Port        : 5000
API Version : v1
=========================================

2026-07-19 16:23:34 [INFO] MongoDB connection established.
2026-07-19 16:23:34 [INFO] MongoDB connected successfully.
2026-07-19 16:23:34 [INFO] Database: test
2026-07-19 16:23:34 [INFO] Host: cluster0-shard-00-01.8emvu.mongodb.net
2026-07-19 16:23:34 [INFO] 
=========================================
Personal Health Companion API Started
=========================================
Environment : development
Port        : 5000
API Version : v1
=========================================

2026-07-19 16:26:37 [INFO] MongoDB connection established.
2026-07-19 16:26:37 [INFO] MongoDB connected successfully.
2026-07-19 16:26:37 [INFO] Database: test
2026-07-19 16:26:37 [INFO] Host: cluster0-shard-00-02.8emvu.mongodb.net
2026-07-19 16:26:37 [INFO] 
=========================================
Personal Health Companion API Started
=========================================
Environment : development
Port        : 5000
API Version : v1
=========================================

2026-07-19 16:29:57 [INFO] MongoDB connection established.
2026-07-19 16:29:58 [INFO] MongoDB connected successfully.
2026-07-19 16:29:58 [INFO] Database: test
2026-07-19 16:29:58 [INFO] Host: cluster0-shard-00-00.8emvu.mongodb.net
2026-07-19 16:29:58 [INFO] 
=========================================
Personal Health Companion API Started
=========================================
Environment : development
Port        : 5000
API Version : v1
=========================================

2026-07-19 16:31:57 [INFO] MongoDB connection established.
2026-07-19 16:31:57 [INFO] MongoDB connected successfully.
2026-07-19 16:31:57 [INFO] Database: test
2026-07-19 16:31:57 [INFO] Host: cluster0-shard-00-02.8emvu.mongodb.net
2026-07-19 16:31:57 [INFO] 
=========================================
Personal Health Companion API Started
=========================================
Environment : development
Port        : 5000
API Version : v1
=========================================

2026-07-19 16:35:34 [INFO] MongoDB connection established.
2026-07-19 16:35:34 [INFO] MongoDB connected successfully.
2026-07-19 16:35:34 [INFO] Database: test
2026-07-19 16:35:34 [INFO] Host: cluster0-shard-00-00.8emvu.mongodb.net
2026-07-19 16:35:34 [INFO] 
=========================================
Personal Health Companion API Started
=========================================
Environment : development
Port        : 5000
API Version : v1
=========================================

2026-07-19 16:36:24 [INFO] MongoDB connection established.
2026-07-19 16:36:24 [INFO] MongoDB connected successfully.
2026-07-19 16:36:24 [INFO] Database: test
2026-07-19 16:36:24 [INFO] Host: cluster0-shard-00-02.8emvu.mongodb.net
2026-07-19 16:36:24 [INFO] 
=========================================
Personal Health Companion API Started
=========================================
Environment : development
Port        : 5000
API Version : v1
=========================================

2026-07-19 16:39:11 [INFO] MongoDB connection established.
2026-07-19 16:39:11 [INFO] MongoDB connected successfully.
2026-07-19 16:39:11 [INFO] Database: test
2026-07-19 16:39:11 [INFO] Host: cluster0-shard-00-01.8emvu.mongodb.net
2026-07-19 16:39:11 [INFO] 
=========================================
Personal Health Companion API Started
=========================================
Environment : development
Port        : 5000
API Version : v1
=========================================

2026-07-19 16:40:12 [INFO] MongoDB connection established.
2026-07-19 16:40:12 [INFO] MongoDB connected successfully.
2026-07-19 16:40:12 [INFO] Database: test
2026-07-19 16:40:12 [INFO] Host: cluster0-shard-00-02.8emvu.mongodb.net
2026-07-19 16:40:12 [INFO] 
=========================================
Personal Health Companion API Started
=========================================
Environment : development
Port        : 5000
API Version : v1
=========================================

2026-07-19 16:44:52 [INFO] MongoDB connection established.
2026-07-19 16:44:52 [INFO] MongoDB connected successfully.
2026-07-19 16:44:52 [INFO] Database: test
2026-07-19 16:44:52 [INFO] Host: cluster0-shard-00-00.8emvu.mongodb.net
2026-07-19 16:44:52 [INFO] 
=========================================
Personal Health Companion API Started
=========================================
Environment : development
Port        : 5000
API Version : v1
=========================================

2026-07-19 16:45:28 [INFO] MongoDB connection established.
2026-07-19 16:45:28 [INFO] MongoDB connected successfully.
2026-07-19 16:45:28 [INFO] Database: test
2026-07-19 16:45:28 [INFO] Host: cluster0-shard-00-02.8emvu.mongodb.net
2026-07-19 16:45:28 [INFO] 
=========================================
Personal Health Companion API Started
=========================================
Environment : development
Port        : 5000
API Version : v1
=========================================

2026-07-19 16:46:22 [INFO] MongoDB connection established.
2026-07-19 16:46:22 [INFO] MongoDB connected successfully.
2026-07-19 16:46:22 [INFO] Database: test
2026-07-19 16:46:22 [INFO] Host: cluster0-shard-00-00.8emvu.mongodb.net
2026-07-19 16:46:22 [INFO] 
=========================================
Personal Health Companion API Started
=========================================
Environment : development
Port        : 5000
API Version : v1
=========================================

2026-07-19 17:12:09 [INFO] MongoDB connection established.
2026-07-19 17:12:09 [INFO] MongoDB connected successfully.
2026-07-19 17:12:09 [INFO] Database: test
2026-07-19 17:12:09 [INFO] Host: cluster0-shard-00-00.8emvu.mongodb.net
2026-07-19 17:12:09 [INFO] 
=========================================
Personal Health Companion API Started
=========================================
Environment : development
Port        : 5000
API Version : v1
=========================================

2026-07-19 17:24:44 [INFO] MongoDB connection established.
2026-07-19 17:24:44 [INFO] MongoDB connected successfully.
2026-07-19 17:24:44 [INFO] Database: test
2026-07-19 17:24:44 [INFO] Host: cluster0-shard-00-00.8emvu.mongodb.net
2026-07-19 17:24:44 [INFO] 
=========================================
Personal Health Companion API Started
=========================================
Environment : development
Port        : 5000
API Version : v1
=========================================

2026-07-19 17:25:33 [WARN] MongoDB disconnected.
2026-07-19 17:25:33 [INFO] MongoDB connection established.
2026-07-19 17:28:27 [INFO] MongoDB connection established.
2026-07-19 17:28:27 [INFO] MongoDB connected successfully.
2026-07-19 17:28:27 [INFO] Database: test
2026-07-19 17:28:27 [INFO] Host: cluster0-shard-00-00.8emvu.mongodb.net
2026-07-19 17:28:27 [INFO] 
=========================================
Personal Health Companion API Started
=========================================
Environment : development
Port        : 5000
API Version : v1
=========================================

2026-07-19 17:32:24 [INFO] MongoDB connection established.
2026-07-19 17:32:24 [INFO] MongoDB connected successfully.
2026-07-19 17:32:24 [INFO] Database: test
2026-07-19 17:32:24 [INFO] Host: cluster0-shard-00-02.8emvu.mongodb.net
2026-07-19 17:32:24 [INFO] 
=========================================
Personal Health Companion API Started
=========================================
Environment : development
Port        : 5000
API Version : v1
=========================================

2026-07-19 17:35:01 [INFO] MongoDB connection established.
2026-07-19 17:35:01 [INFO] MongoDB connected successfully.
2026-07-19 17:35:01 [INFO] Database: test
2026-07-19 17:35:01 [INFO] Host: cluster0-shard-00-00.8emvu.mongodb.net
2026-07-19 17:35:01 [INFO] 
=========================================
Personal Health Companion API Started
=========================================
Environment : development
Port        : 5000
API Version : v1
=========================================

2026-07-19 17:35:57 [INFO] MongoDB connection established.
2026-07-19 17:35:57 [INFO] MongoDB connected successfully.
2026-07-19 17:35:57 [INFO] Database: test
2026-07-19 17:35:57 [INFO] Host: cluster0-shard-00-02.8emvu.mongodb.net
2026-07-19 17:35:57 [INFO] 
=========================================
Personal Health Companion API Started
=========================================
Environment : development
Port        : 5000
API Version : v1
=========================================

2026-07-19 17:37:37 [INFO] MongoDB connection established.
2026-07-19 17:37:37 [INFO] MongoDB connected successfully.
2026-07-19 17:37:37 [INFO] Database: test
2026-07-19 17:37:37 [INFO] Host: cluster0-shard-00-01.8emvu.mongodb.net
2026-07-19 17:37:37 [INFO] 
=========================================
Personal Health Companion API Started
=========================================
Environment : development
Port        : 5000
API Version : v1
=========================================

2026-07-19 22:00:43 [INFO] MongoDB connection established.
2026-07-19 22:00:43 [INFO] MongoDB connected successfully.
2026-07-19 22:00:43 [INFO] Database: test
2026-07-19 22:00:43 [INFO] Host: cluster0-shard-00-00.8emvu.mongodb.net
2026-07-19 22:00:43 [INFO] 
=========================================
Personal Health Companion API Started
=========================================
Environment : development
Port        : 5000
API Version : v1
=========================================

2026-07-19 22:02:40 [INFO] MongoDB connection established.
2026-07-19 22:02:40 [INFO] MongoDB connected successfully.
2026-07-19 22:02:40 [INFO] Database: test
2026-07-19 22:02:40 [INFO] Host: cluster0-shard-00-00.8emvu.mongodb.net
2026-07-19 22:02:40 [INFO] 
=========================================
Personal Health Companion API Started
=========================================
Environment : development
Port        : 5000
API Version : v1
=========================================

2026-07-19 22:09:03 [INFO] MongoDB connection established.
2026-07-19 22:09:03 [INFO] MongoDB connected successfully.
2026-07-19 22:09:03 [INFO] Database: test
2026-07-19 22:09:03 [INFO] Host: cluster0-shard-00-00.8emvu.mongodb.net
2026-07-19 22:09:03 [INFO] 
=========================================
Personal Health Companion API Started
=========================================
Environment : development
Port        : 5000
API Version : v1
=========================================

2026-07-19 22:09:32 [INFO] MongoDB connection established.
2026-07-19 22:09:32 [INFO] MongoDB connected successfully.
2026-07-19 22:09:32 [INFO] Database: test
2026-07-19 22:09:32 [INFO] Host: cluster0-shard-00-00.8emvu.mongodb.net
2026-07-19 22:09:32 [INFO] 
=========================================
Personal Health Companion API Started
=========================================
Environment : development
Port        : 5000
API Version : v1
=========================================

2026-07-19 22:12:14 [INFO] MongoDB connection established.
2026-07-19 22:12:14 [INFO] MongoDB connected successfully.
2026-07-19 22:12:14 [INFO] Database: test
2026-07-19 22:12:14 [INFO] Host: cluster0-shard-00-00.8emvu.mongodb.net
2026-07-19 22:12:14 [INFO] 
=========================================
Personal Health Companion API Started
=========================================
Environment : development
Port        : 5000
API Version : v1
=========================================

2026-07-19 22:13:46 [INFO] MongoDB connection established.
2026-07-19 22:13:46 [INFO] MongoDB connected successfully.
2026-07-19 22:13:46 [INFO] Database: test
2026-07-19 22:13:46 [INFO] Host: cluster0-shard-00-00.8emvu.mongodb.net
2026-07-19 22:13:46 [INFO] 
=========================================
Personal Health Companion API Started
=========================================
Environment : development
Port        : 5000
API Version : v1
=========================================

2026-07-19 22:15:17 [INFO] MongoDB connection established.
2026-07-19 22:15:17 [INFO] MongoDB connected successfully.
2026-07-19 22:15:17 [INFO] Database: test
2026-07-19 22:15:17 [INFO] Host: cluster0-shard-00-00.8emvu.mongodb.net
2026-07-19 22:15:17 [INFO] 
=========================================
Personal Health Companion API Started
=========================================
Environment : development
Port        : 5000
API Version : v1
=========================================

2026-07-19 22:23:19 [INFO] MongoDB connection established.
2026-07-19 22:23:19 [INFO] MongoDB connected successfully.
2026-07-19 22:23:19 [INFO] Database: test
2026-07-19 22:23:19 [INFO] Host: cluster0-shard-00-00.8emvu.mongodb.net
2026-07-19 22:23:19 [INFO] 
=========================================
Personal Health Companion API Started
=========================================
Environment : development
Port        : 5000
API Version : v1
=========================================

2026-07-19 22:25:05 [INFO] New user registered.
2026-07-19 22:25:05 [ERROR] TypeError: toPublicUser is not a function
    at Object.register (C:\Users\promise.okere\OneDrive - Interswitch Limited\BACKEND TRAINING\CAPSTONE PROJECT\HealthNest\src\modules\users\user.service.js:41:10)
    at process.processTicksAndRejections (node:internal/process/task_queues:105:5)
    at async register (C:\Users\promise.okere\OneDrive - Interswitch Limited\BACKEND TRAINING\CAPSTONE PROJECT\HealthNest\src\modules\users\user.controller.js:6:18)
2026-07-19 22:25:05 [HTTP] ::1 - - [19/Jul/2026:21:25:05 +0000] "POST /api/v1/users/register HTTP/1.1" 500 631 "-" "PostmanRuntime/7.54.0"
2026-07-19 22:28:01 [INFO] MongoDB connection established.
2026-07-19 22:28:01 [INFO] MongoDB connected successfully.
2026-07-19 22:28:01 [INFO] Database: test
2026-07-19 22:28:01 [INFO] Host: cluster0-shard-00-00.8emvu.mongodb.net
2026-07-19 22:28:01 [INFO] 
=========================================
Personal Health Companion API Started
=========================================
Environment : development
Port        : 5000
API Version : v1
=========================================

2026-07-19 22:29:11 [INFO] MongoDB connection established.
2026-07-19 22:29:11 [INFO] MongoDB connected successfully.
2026-07-19 22:29:11 [INFO] Database: test
2026-07-19 22:29:11 [INFO] Host: cluster0-shard-00-00.8emvu.mongodb.net
2026-07-19 22:29:11 [INFO] 
=========================================
Personal Health Companion API Started
=========================================
Environment : development
Port        : 5000
API Version : v1
=========================================

2026-07-19 22:29:14 [ERROR] ConflictError: An account with this email already exists.
    at Object.register (C:\Users\promise.okere\OneDrive - Interswitch Limited\BACKEND TRAINING\CAPSTONE PROJECT\HealthNest\src\modules\users\user.service.js:18:11)
    at process.processTicksAndRejections (node:internal/process/task_queues:105:5)
    at async register (C:\Users\promise.okere\OneDrive - Interswitch Limited\BACKEND TRAINING\CAPSTONE PROJECT\HealthNest\src\modules\users\user.controller.js:6:18)
2026-07-19 22:29:14 [HTTP] ::1 - - [19/Jul/2026:21:29:14 +0000] "POST /api/v1/users/register HTTP/1.1" 409 672 "-" "PostmanRuntime/7.54.0"
2026-07-19 22:31:19 [ERROR] ConflictError: An account with this email already exists.
    at Object.register (C:\Users\promise.okere\OneDrive - Interswitch Limited\BACKEND TRAINING\CAPSTONE PROJECT\HealthNest\src\modules\users\user.service.js:18:11)
    at process.processTicksAndRejections (node:internal/process/task_queues:105:5)
    at async register (C:\Users\promise.okere\OneDrive - Interswitch Limited\BACKEND TRAINING\CAPSTONE PROJECT\HealthNest\src\modules\users\user.controller.js:6:18)
2026-07-19 22:31:19 [HTTP] ::1 - - [19/Jul/2026:21:31:19 +0000] "POST /api/v1/users/register HTTP/1.1" 409 672 "-" "PostmanRuntime/7.54.0"
2026-07-19 22:35:46 [INFO] MongoDB connection established.
2026-07-19 22:35:46 [INFO] MongoDB connected successfully.
2026-07-19 22:35:46 [INFO] Database: test
2026-07-19 22:35:46 [INFO] Host: cluster0-shard-00-00.8emvu.mongodb.net
2026-07-19 22:35:46 [INFO] 
=========================================
Personal Health Companion API Started
=========================================
Environment : development
Port        : 5000
API Version : v1
=========================================

2026-07-19 22:36:42 [INFO] MongoDB connection established.
2026-07-19 22:36:42 [INFO] Database: test
2026-07-19 22:36:42 [INFO] Host: cluster0-shard-00-02.8emvu.mongodb.net
2026-07-19 22:36:42 [INFO] MongoDB connected successfully.
2026-07-19 22:36:42 [INFO] Database: test
2026-07-19 22:36:42 [INFO] Host: cluster0-shard-00-02.8emvu.mongodb.net
2026-07-19 22:36:42 [INFO] 
=========================================
Personal Health Companion API Started
=========================================
Environment : development
Port        : 5000
API Version : v1
=========================================

2026-07-19 22:42:36 [INFO] MongoDB connection established.
2026-07-19 22:42:36 [INFO] Database: test
2026-07-19 22:42:36 [INFO] Host: cluster0-shard-00-00.8emvu.mongodb.net
2026-07-19 22:42:36 [INFO] MongoDB connected successfully.
2026-07-19 22:42:36 [INFO] Database: test
2026-07-19 22:42:36 [INFO] Host: cluster0-shard-00-00.8emvu.mongodb.net
2026-07-19 22:42:36 [INFO] 
=========================================
Personal Health Companion API Started
=========================================
Environment : development
Port        : 5000
API Version : v1
=========================================

2026-07-19 22:42:59 [INFO] MongoDB connection established.
2026-07-19 22:42:59 [INFO] Database: test
2026-07-19 22:42:59 [INFO] Host: cluster0-shard-00-02.8emvu.mongodb.net
2026-07-19 22:42:59 [INFO] MongoDB connected successfully.
2026-07-19 22:42:59 [INFO] Database: test
2026-07-19 22:42:59 [INFO] Host: cluster0-shard-00-02.8emvu.mongodb.net
2026-07-19 22:42:59 [INFO] 
=========================================
Personal Health Companion API Started
=========================================
Environment : development
Port        : 5000
API Version : v1
=========================================

2026-07-19 22:43:21 [INFO] MongoDB connection established.
2026-07-19 22:43:21 [INFO] Database: healthnest
2026-07-19 22:43:21 [INFO] Host: cluster0-shard-00-00.8emvu.mongodb.net
2026-07-19 22:43:21 [INFO] MongoDB connected successfully.
2026-07-19 22:43:21 [INFO] Database: healthnest
2026-07-19 22:43:21 [INFO] Host: cluster0-shard-00-00.8emvu.mongodb.net
2026-07-19 22:43:21 [INFO] 
=========================================
Personal Health Companion API Started
=========================================
Environment : development
Port        : 5000
API Version : v1
=========================================

2026-07-19 22:45:31 [INFO] MongoDB connection established.
2026-07-19 22:45:31 [INFO] Database: healthnest
2026-07-19 22:45:31 [INFO] Host: cluster0-shard-00-00.8emvu.mongodb.net
2026-07-19 22:45:31 [INFO] MongoDB connected successfully.
2026-07-19 22:45:31 [INFO] Database: healthnest
2026-07-19 22:45:31 [INFO] Host: cluster0-shard-00-00.8emvu.mongodb.net
2026-07-19 22:45:31 [INFO] 
=========================================
Personal Health Companion API Started
=========================================
Environment : development
Port        : 5000
API Version : v1
=========================================

2026-07-19 22:45:52 [INFO] Checking for existing user
2026-07-19 22:45:53 [INFO] Existing user result
2026-07-19 22:45:54 [INFO] New user registered.
2026-07-19 22:45:54 [HTTP] ::1 - - [19/Jul/2026:21:45:54 +0000] "POST /api/v1/users/register HTTP/1.1" 201 289 "-" "PostmanRuntime/7.54.0"
2026-07-19 23:09:35 [INFO] MongoDB connection established.
2026-07-19 23:09:35 [INFO] Database: healthnest
2026-07-19 23:09:35 [INFO] Host: cluster0-shard-00-00.8emvu.mongodb.net
2026-07-19 23:09:35 [INFO] MongoDB connected successfully.
2026-07-19 23:09:35 [INFO] Database: healthnest
2026-07-19 23:09:35 [INFO] Host: cluster0-shard-00-00.8emvu.mongodb.net
2026-07-19 23:09:35 [INFO] 
=========================================
Personal Health Companion API Started
=========================================
Environment : development
Port        : 5000
API Version : v1
=========================================

2026-07-20 00:12:38 [INFO] MongoDB connection established.
2026-07-20 00:12:38 [INFO] Database: healthnest
2026-07-20 00:12:38 [INFO] Host: cluster0-shard-00-00.8emvu.mongodb.net
2026-07-20 00:12:38 [INFO] MongoDB connected successfully.
2026-07-20 00:12:38 [INFO] Database: healthnest
2026-07-20 00:12:38 [INFO] Host: cluster0-shard-00-00.8emvu.mongodb.net
2026-07-20 00:12:38 [INFO] 
=========================================
Personal Health Companion API Started
=========================================
Environment : development
Port        : 5000
API Version : v1
=========================================

2026-07-20 00:15:28 [INFO] MongoDB connection established.
2026-07-20 00:15:29 [INFO] Database: healthnest
2026-07-20 00:15:29 [INFO] Host: cluster0-shard-00-00.8emvu.mongodb.net
2026-07-20 00:15:29 [INFO] MongoDB connected successfully.
2026-07-20 00:15:29 [INFO] Database: healthnest
2026-07-20 00:15:29 [INFO] Host: cluster0-shard-00-00.8emvu.mongodb.net
2026-07-20 00:15:29 [INFO] 
=========================================
Personal Health Companion API Started
=========================================
Environment : development
Port        : 5000
API Version : v1
=========================================

2026-07-20 00:17:01 [INFO] MongoDB connection established.
2026-07-20 00:17:01 [INFO] Database: healthnest
2026-07-20 00:17:01 [INFO] Host: cluster0-shard-00-02.8emvu.mongodb.net
2026-07-20 00:17:01 [INFO] MongoDB connected successfully.
2026-07-20 00:17:01 [INFO] Database: healthnest
2026-07-20 00:17:01 [INFO] Host: cluster0-shard-00-02.8emvu.mongodb.net
2026-07-20 00:17:01 [INFO] 
=========================================
Personal Health Companion API Started
=========================================
Environment : development
Port        : 5000
API Version : v1
=========================================

2026-07-20 00:23:54 [INFO] MongoDB connection established.
2026-07-20 00:23:54 [INFO] Database: healthnest
2026-07-20 00:23:54 [INFO] Host: cluster0-shard-00-00.8emvu.mongodb.net
2026-07-20 00:23:54 [INFO] MongoDB connected successfully.
2026-07-20 00:23:54 [INFO] Database: healthnest
2026-07-20 00:23:54 [INFO] Host: cluster0-shard-00-00.8emvu.mongodb.net
2026-07-20 00:23:54 [INFO] 
=========================================
Personal Health Companion API Started
=========================================
Environment : development
Port        : 5000
API Version : v1
=========================================

2026-07-20 00:25:51 [INFO] MongoDB connection established.
2026-07-20 00:25:51 [INFO] Database: healthnest
2026-07-20 00:25:51 [INFO] Host: cluster0-shard-00-00.8emvu.mongodb.net
2026-07-20 00:25:51 [INFO] MongoDB connected successfully.
2026-07-20 00:25:51 [INFO] Database: healthnest
2026-07-20 00:25:51 [INFO] Host: cluster0-shard-00-00.8emvu.mongodb.net
2026-07-20 00:25:51 [INFO] 
=========================================
Personal Health Companion API Started
=========================================
Environment : development
Port        : 5000
API Version : v1
=========================================

2026-07-20 00:26:51 [INFO] MongoDB connection established.
2026-07-20 00:26:51 [INFO] Database: healthnest
2026-07-20 00:26:51 [INFO] Host: cluster0-shard-00-00.8emvu.mongodb.net
2026-07-20 00:26:51 [INFO] MongoDB connected successfully.
2026-07-20 00:26:51 [INFO] Database: healthnest
2026-07-20 00:26:51 [INFO] Host: cluster0-shard-00-00.8emvu.mongodb.net
2026-07-20 00:26:51 [INFO] 
=========================================
Personal Health Companion API Started
=========================================
Environment : development
Port        : 5000
API Version : v1
=========================================

2026-07-20 00:34:55 [INFO] MongoDB connection established.
2026-07-20 00:34:55 [INFO] Database: healthnest
2026-07-20 00:34:55 [INFO] Host: cluster0-shard-00-00.8emvu.mongodb.net
2026-07-20 00:34:55 [INFO] MongoDB connected successfully.
2026-07-20 00:34:55 [INFO] Database: healthnest
2026-07-20 00:34:55 [INFO] Host: cluster0-shard-00-00.8emvu.mongodb.net
2026-07-20 00:34:55 [INFO] 
=========================================
Personal Health Companion API Started
=========================================
Environment : development
Port        : 5000
API Version : v1
=========================================

2026-07-20 00:35:08 [INFO] MongoDB connection established.
2026-07-20 00:35:08 [INFO] Database: healthnest
2026-07-20 00:35:08 [INFO] Host: cluster0-shard-00-02.8emvu.mongodb.net
2026-07-20 00:35:08 [INFO] MongoDB connected successfully.
2026-07-20 00:35:08 [INFO] Database: healthnest
2026-07-20 00:35:08 [INFO] Host: cluster0-shard-00-02.8emvu.mongodb.net
2026-07-20 00:35:08 [INFO] 
=========================================
Personal Health Companion API Started
=========================================
Environment : development
Port        : 5000
API Version : v1
=========================================

2026-07-20 00:36:50 [INFO] MongoDB connection established.
2026-07-20 00:36:50 [INFO] Database: healthnest
2026-07-20 00:36:50 [INFO] Host: cluster0-shard-00-00.8emvu.mongodb.net
2026-07-20 00:36:50 [INFO] MongoDB connected successfully.
2026-07-20 00:36:50 [INFO] Database: healthnest
2026-07-20 00:36:50 [INFO] Host: cluster0-shard-00-00.8emvu.mongodb.net
2026-07-20 00:36:50 [INFO] 
=========================================
Personal Health Companion API Started
=========================================
Environment : development
Port        : 5000
API Version : v1
=========================================

2026-07-20 00:37:45 [INFO] MongoDB connection established.
2026-07-20 00:37:45 [INFO] Database: healthnest
2026-07-20 00:37:45 [INFO] Host: cluster0-shard-00-02.8emvu.mongodb.net
2026-07-20 00:37:45 [INFO] MongoDB connected successfully.
2026-07-20 00:37:45 [INFO] Database: healthnest
2026-07-20 00:37:45 [INFO] Host: cluster0-shard-00-02.8emvu.mongodb.net
2026-07-20 00:37:45 [INFO] 
=========================================
Personal Health Companion API Started
=========================================
Environment : development
Port        : 5000
API Version : v1
=========================================

2026-07-20 00:38:05 [INFO] MongoDB connection established.
2026-07-20 00:38:05 [INFO] Database: healthnest
2026-07-20 00:38:05 [INFO] Host: cluster0-shard-00-00.8emvu.mongodb.net
2026-07-20 00:38:05 [INFO] MongoDB connected successfully.
2026-07-20 00:38:05 [INFO] Database: healthnest
2026-07-20 00:38:05 [INFO] Host: cluster0-shard-00-00.8emvu.mongodb.net
2026-07-20 00:38:05 [INFO] 
=========================================
Personal Health Companion API Started
=========================================
Environment : development
Port        : 5000
API Version : v1
=========================================

2026-07-20 00:40:02 [INFO] MongoDB connection established.
2026-07-20 00:40:02 [INFO] Database: healthnest
2026-07-20 00:40:02 [INFO] Host: cluster0-shard-00-00.8emvu.mongodb.net
2026-07-20 00:40:02 [INFO] MongoDB connected successfully.
2026-07-20 00:40:02 [INFO] Database: healthnest
2026-07-20 00:40:02 [INFO] Host: cluster0-shard-00-00.8emvu.mongodb.net
2026-07-20 00:40:02 [INFO] 
=========================================
Personal Health Companion API Started
=========================================
Environment : development
Port        : 5000
API Version : v1
=========================================

2026-07-20 00:40:44 [INFO] MongoDB connection established.
2026-07-20 00:40:44 [INFO] Database: healthnest
2026-07-20 00:40:44 [INFO] Host: cluster0-shard-00-02.8emvu.mongodb.net
2026-07-20 00:40:44 [INFO] MongoDB connected successfully.
2026-07-20 00:40:44 [INFO] Database: healthnest
2026-07-20 00:40:44 [INFO] Host: cluster0-shard-00-02.8emvu.mongodb.net
2026-07-20 00:40:44 [INFO] 
=========================================
Personal Health Companion API Started
=========================================
Environment : development
Port        : 5000
API Version : v1
=========================================

2026-07-20 00:42:38 [INFO] MongoDB connection established.
2026-07-20 00:42:38 [INFO] Database: healthnest
2026-07-20 00:42:38 [INFO] Host: cluster0-shard-00-00.8emvu.mongodb.net
2026-07-20 00:42:38 [INFO] MongoDB connected successfully.
2026-07-20 00:42:38 [INFO] Database: healthnest
2026-07-20 00:42:38 [INFO] Host: cluster0-shard-00-00.8emvu.mongodb.net
2026-07-20 00:42:38 [INFO] 
=========================================
Personal Health Companion API Started
=========================================
Environment : development
Port        : 5000
API Version : v1
=========================================

2026-07-20 00:45:19 [INFO] MongoDB connection established.
2026-07-20 00:45:19 [INFO] Database: healthnest
2026-07-20 00:45:19 [INFO] Host: cluster0-shard-00-00.8emvu.mongodb.net
2026-07-20 00:45:19 [INFO] MongoDB connected successfully.
2026-07-20 00:45:19 [INFO] Database: healthnest
2026-07-20 00:45:19 [INFO] Host: cluster0-shard-00-00.8emvu.mongodb.net
2026-07-20 00:45:19 [INFO] 
=========================================
Personal Health Companion API Started
=========================================
Environment : development
Port        : 5000
API Version : v1
=========================================

2026-07-20 00:45:50 [INFO] MongoDB connection established.
2026-07-20 00:45:50 [INFO] Database: healthnest
2026-07-20 00:45:50 [INFO] Host: cluster0-shard-00-02.8emvu.mongodb.net
2026-07-20 00:45:50 [INFO] MongoDB connected successfully.
2026-07-20 00:45:50 [INFO] Database: healthnest
2026-07-20 00:45:50 [INFO] Host: cluster0-shard-00-02.8emvu.mongodb.net
2026-07-20 00:45:50 [INFO] 
=========================================
Personal Health Companion API Started
=========================================
Environment : development
Port        : 5000
API Version : v1
=========================================

2026-07-20 00:46:05 [INFO] MongoDB connection established.
2026-07-20 00:46:05 [INFO] Database: healthnest
2026-07-20 00:46:05 [INFO] Host: cluster0-shard-00-00.8emvu.mongodb.net
2026-07-20 00:46:05 [INFO] MongoDB connected successfully.
2026-07-20 00:46:05 [INFO] Database: healthnest
2026-07-20 00:46:05 [INFO] Host: cluster0-shard-00-00.8emvu.mongodb.net
2026-07-20 00:46:05 [INFO] 
=========================================
Personal Health Companion API Started
=========================================
Environment : development
Port        : 5000
API Version : v1
=========================================

2026-07-20 00:46:38 [INFO] MongoDB connection established.
2026-07-20 00:46:38 [INFO] Database: healthnest
2026-07-20 00:46:38 [INFO] Host: cluster0-shard-00-00.8emvu.mongodb.net
2026-07-20 00:46:38 [INFO] MongoDB connected successfully.
2026-07-20 00:46:38 [INFO] Database: healthnest
2026-07-20 00:46:38 [INFO] Host: cluster0-shard-00-00.8emvu.mongodb.net
2026-07-20 00:46:38 [INFO] 
=========================================
Personal Health Companion API Started
=========================================
Environment : development
Port        : 5000
API Version : v1
=========================================

2026-07-20 00:47:01 [INFO] MongoDB connection established.
2026-07-20 00:47:01 [INFO] Database: healthnest
2026-07-20 00:47:01 [INFO] Host: cluster0-shard-00-02.8emvu.mongodb.net
2026-07-20 00:47:01 [INFO] MongoDB connected successfully.
2026-07-20 00:47:01 [INFO] Database: healthnest
2026-07-20 00:47:01 [INFO] Host: cluster0-shard-00-02.8emvu.mongodb.net
2026-07-20 00:47:01 [INFO] 
=========================================
Personal Health Companion API Started
=========================================
Environment : development
Port        : 5000
API Version : v1
=========================================

2026-07-20 00:47:45 [INFO] MongoDB connection established.
2026-07-20 00:47:45 [INFO] Database: healthnest
2026-07-20 00:47:45 [INFO] Host: cluster0-shard-00-00.8emvu.mongodb.net
2026-07-20 00:47:45 [INFO] MongoDB connected successfully.
2026-07-20 00:47:45 [INFO] Database: healthnest
2026-07-20 00:47:45 [INFO] Host: cluster0-shard-00-00.8emvu.mongodb.net
2026-07-20 00:47:45 [INFO] 
=========================================
Personal Health Companion API Started
=========================================
Environment : development
Port        : 5000
API Version : v1
=========================================

2026-07-20 00:48:04 [INFO] MongoDB connection established.
2026-07-20 00:48:04 [INFO] Database: healthnest
2026-07-20 00:48:04 [INFO] Host: cluster0-shard-00-02.8emvu.mongodb.net
2026-07-20 00:48:04 [INFO] MongoDB connected successfully.
2026-07-20 00:48:04 [INFO] Database: healthnest
2026-07-20 00:48:04 [INFO] Host: cluster0-shard-00-02.8emvu.mongodb.net
2026-07-20 00:48:04 [INFO] 
=========================================
Personal Health Companion API Started
=========================================
Environment : development
Port        : 5000
API Version : v1
=========================================

2026-07-20 00:48:46 [HTTP] ::1 - - [19/Jul/2026:23:48:46 +0000] "POST /api/v1/auth/login HTTP/1.1" 404 137 "-" "PostmanRuntime/7.54.0"
2026-07-20 00:49:45 [INFO] MongoDB connection established.
2026-07-20 00:49:45 [INFO] Database: healthnest
2026-07-20 00:49:45 [INFO] Host: cluster0-shard-00-00.8emvu.mongodb.net
2026-07-20 00:49:45 [INFO] MongoDB connected successfully.
2026-07-20 00:49:45 [INFO] Database: healthnest
2026-07-20 00:49:45 [INFO] Host: cluster0-shard-00-00.8emvu.mongodb.net
2026-07-20 00:49:45 [INFO] 
=========================================
Personal Health Companion API Started
=========================================
Environment : development
Port        : 5000
API Version : v1
=========================================

2026-07-20 00:50:04 [HTTP] ::1 - - [19/Jul/2026:23:50:04 +0000] "POST /api/v1/auth/login HTTP/1.1" 404 137 "-" "PostmanRuntime/7.54.0"
2026-07-20 00:53:34 [INFO] MongoDB connection established.
2026-07-20 00:53:34 [INFO] Database: healthnest
2026-07-20 00:53:34 [INFO] Host: cluster0-shard-00-00.8emvu.mongodb.net
2026-07-20 00:53:34 [INFO] MongoDB connected successfully.
2026-07-20 00:53:34 [INFO] Database: healthnest
2026-07-20 00:53:34 [INFO] Host: cluster0-shard-00-00.8emvu.mongodb.net
2026-07-20 00:53:34 [INFO] 
=========================================
Personal Health Companion API Started
=========================================
Environment : development
Port        : 5000
API Version : v1
=========================================

2026-07-20 00:54:50 [INFO] MongoDB connection established.
2026-07-20 00:54:50 [INFO] Database: healthnest
2026-07-20 00:54:50 [INFO] Host: cluster0-shard-00-00.8emvu.mongodb.net
2026-07-20 00:54:50 [INFO] MongoDB connected successfully.
2026-07-20 00:54:50 [INFO] Database: healthnest
2026-07-20 00:54:50 [INFO] Host: cluster0-shard-00-00.8emvu.mongodb.net
2026-07-20 00:54:50 [INFO] 
=========================================
Personal Health Companion API Started
=========================================
Environment : development
Port        : 5000
API Version : v1
=========================================

2026-07-20 00:54:52 [HTTP] ::1 - - [19/Jul/2026:23:54:52 +0000] "POST /api/v1/auth/login HTTP/1.1" 200 147 "-" "PostmanRuntime/7.54.0"
2026-07-20 00:55:02 [ERROR] UnauthorizedError: Invalid email or password.
    at Object.login (C:\Users\promise.okere\OneDrive - Interswitch Limited\BACKEND TRAINING\CAPSTONE PROJECT\HealthNest\src\modules\auth\auth.service.js:24:11)
    at process.processTicksAndRejections (node:internal/process/task_queues:105:5)
    at async login (C:\Users\promise.okere\OneDrive - Interswitch Limited\BACKEND TRAINING\CAPSTONE PROJECT\HealthNest\src\modules\auth\auth.controller.js:7:20)
2026-07-20 00:55:02 [HTTP] ::1 - - [19/Jul/2026:23:55:02 +0000] "POST /api/v1/auth/login HTTP/1.1" 401 640 "-" "PostmanRuntime/7.54.0"
2026-07-20 00:55:09 [HTTP] ::1 - - [19/Jul/2026:23:55:09 +0000] "POST /api/v1/auth/login HTTP/1.1" 200 147 "-" "PostmanRuntime/7.54.0"
2026-07-20 00:58:37 [INFO] MongoDB connection established.
2026-07-20 00:58:37 [INFO] Database: healthnest
2026-07-20 00:58:37 [INFO] Host: cluster0-shard-00-00.8emvu.mongodb.net
2026-07-20 00:58:37 [INFO] MongoDB connected successfully.
2026-07-20 00:58:37 [INFO] Database: healthnest
2026-07-20 00:58:37 [INFO] Host: cluster0-shard-00-00.8emvu.mongodb.net
2026-07-20 00:58:37 [INFO] 
=========================================
Personal Health Companion API Started
=========================================
Environment : development
Port        : 5000
API Version : v1
=========================================

2026-07-20 00:59:05 [INFO] MongoDB connection established.
2026-07-20 00:59:05 [INFO] Database: healthnest
2026-07-20 00:59:05 [INFO] Host: cluster0-shard-00-02.8emvu.mongodb.net
2026-07-20 00:59:05 [INFO] MongoDB connected successfully.
2026-07-20 00:59:05 [INFO] Database: healthnest
2026-07-20 00:59:05 [INFO] Host: cluster0-shard-00-02.8emvu.mongodb.net
2026-07-20 00:59:05 [INFO] 
=========================================
Personal Health Companion API Started
=========================================
Environment : development
Port        : 5000
API Version : v1
=========================================

2026-07-20 00:59:30 [INFO] MongoDB connection established.
2026-07-20 00:59:30 [INFO] Database: healthnest
2026-07-20 00:59:30 [INFO] Host: cluster0-shard-00-00.8emvu.mongodb.net
2026-07-20 00:59:30 [INFO] MongoDB connected successfully.
2026-07-20 00:59:30 [INFO] Database: healthnest
2026-07-20 00:59:30 [INFO] Host: cluster0-shard-00-00.8emvu.mongodb.net
2026-07-20 00:59:30 [INFO] 
=========================================
Personal Health Companion API Started
=========================================
Environment : development
Port        : 5000
API Version : v1
=========================================

2026-07-20 00:59:35 [HTTP] ::1 - - [19/Jul/2026:23:59:35 +0000] "POST /api/v1/auth/login HTTP/1.1" 200 203 "-" "PostmanRuntime/7.54.0"
2026-07-20 01:01:10 [INFO] MongoDB connection established.
2026-07-20 01:01:10 [INFO] Database: healthnest
2026-07-20 01:01:10 [INFO] Host: cluster0-shard-00-00.8emvu.mongodb.net
2026-07-20 01:01:10 [INFO] MongoDB connected successfully.
2026-07-20 01:01:10 [INFO] Database: healthnest
2026-07-20 01:01:10 [INFO] Host: cluster0-shard-00-00.8emvu.mongodb.net
2026-07-20 01:01:10 [INFO] 
=========================================
Personal Health Companion API Started
=========================================
Environment : development
Port        : 5000
API Version : v1
=========================================

2026-07-20 01:02:25 [INFO] MongoDB connection established.
2026-07-20 01:02:25 [INFO] Database: healthnest
2026-07-20 01:02:25 [INFO] Host: cluster0-shard-00-00.8emvu.mongodb.net
2026-07-20 01:02:25 [INFO] MongoDB connected successfully.
2026-07-20 01:02:25 [INFO] Database: healthnest
2026-07-20 01:02:25 [INFO] Host: cluster0-shard-00-00.8emvu.mongodb.net
2026-07-20 01:02:25 [INFO] 
=========================================
Personal Health Companion API Started
=========================================
Environment : development
Port        : 5000
API Version : v1
=========================================

2026-07-20 01:03:02 [INFO] MongoDB connection established.
2026-07-20 01:03:02 [INFO] Database: healthnest
2026-07-20 01:03:02 [INFO] Host: cluster0-shard-00-02.8emvu.mongodb.net
2026-07-20 01:03:02 [INFO] MongoDB connected successfully.
2026-07-20 01:03:02 [INFO] Database: healthnest
2026-07-20 01:03:02 [INFO] Host: cluster0-shard-00-02.8emvu.mongodb.net
2026-07-20 01:03:02 [INFO] 
=========================================
Personal Health Companion API Started
=========================================
Environment : development
Port        : 5000
API Version : v1
=========================================

2026-07-20 01:03:33 [INFO] MongoDB connection established.
2026-07-20 01:03:33 [INFO] Database: healthnest
2026-07-20 01:03:33 [INFO] Host: cluster0-shard-00-00.8emvu.mongodb.net
2026-07-20 01:03:33 [INFO] MongoDB connected successfully.
2026-07-20 01:03:33 [INFO] Database: healthnest
2026-07-20 01:03:33 [INFO] Host: cluster0-shard-00-00.8emvu.mongodb.net
2026-07-20 01:03:33 [INFO] 
=========================================
Personal Health Companion API Started
=========================================
Environment : development
Port        : 5000
API Version : v1
=========================================

2026-07-20 01:03:47 [INFO] MongoDB connection established.
2026-07-20 01:03:47 [INFO] Database: healthnest
2026-07-20 01:03:47 [INFO] Host: cluster0-shard-00-02.8emvu.mongodb.net
2026-07-20 01:03:47 [INFO] MongoDB connected successfully.
2026-07-20 01:03:47 [INFO] Database: healthnest
2026-07-20 01:03:47 [INFO] Host: cluster0-shard-00-02.8emvu.mongodb.net
2026-07-20 01:03:47 [INFO] 
=========================================
Personal Health Companion API Started
=========================================
Environment : development
Port        : 5000
API Version : v1
=========================================

2026-07-20 01:04:23 [INFO] MongoDB connection established.
2026-07-20 01:04:23 [INFO] Database: healthnest
2026-07-20 01:04:23 [INFO] Host: cluster0-shard-00-00.8emvu.mongodb.net
2026-07-20 01:04:23 [INFO] MongoDB connected successfully.
2026-07-20 01:04:23 [INFO] Database: healthnest
2026-07-20 01:04:23 [INFO] Host: cluster0-shard-00-00.8emvu.mongodb.net
2026-07-20 01:04:23 [INFO] 
=========================================
Personal Health Companion API Started
=========================================
Environment : development
Port        : 5000
API Version : v1
=========================================

2026-07-20 01:05:40 [INFO] MongoDB connection established.
2026-07-20 01:05:40 [INFO] Database: healthnest
2026-07-20 01:05:40 [INFO] Host: cluster0-shard-00-00.8emvu.mongodb.net
2026-07-20 01:05:40 [INFO] MongoDB connected successfully.
2026-07-20 01:05:40 [INFO] Database: healthnest
2026-07-20 01:05:40 [INFO] Host: cluster0-shard-00-00.8emvu.mongodb.net
2026-07-20 01:05:40 [INFO] 
=========================================
Personal Health Companion API Started
=========================================
Environment : development
Port        : 5000
API Version : v1
=========================================

2026-07-20 01:06:23 [INFO] MongoDB connection established.
2026-07-20 01:06:23 [INFO] Database: healthnest
2026-07-20 01:06:23 [INFO] Host: cluster0-shard-00-02.8emvu.mongodb.net
2026-07-20 01:06:23 [INFO] MongoDB connected successfully.
2026-07-20 01:06:23 [INFO] Database: healthnest
2026-07-20 01:06:23 [INFO] Host: cluster0-shard-00-02.8emvu.mongodb.net
2026-07-20 01:06:23 [INFO] 
=========================================
Personal Health Companion API Started
=========================================
Environment : development
Port        : 5000
API Version : v1
=========================================

2026-07-20 01:08:28 [INFO] MongoDB connection established.
2026-07-20 01:08:28 [INFO] Database: healthnest
2026-07-20 01:08:28 [INFO] Host: cluster0-shard-00-00.8emvu.mongodb.net
2026-07-20 01:08:28 [INFO] MongoDB connected successfully.
2026-07-20 01:08:28 [INFO] Database: healthnest
2026-07-20 01:08:28 [INFO] Host: cluster0-shard-00-00.8emvu.mongodb.net
2026-07-20 01:08:28 [INFO] 
=========================================
Personal Health Companion API Started
=========================================
Environment : development
Port        : 5000
API Version : v1
=========================================

2026-07-20 01:09:56 [INFO] MongoDB connection established.
2026-07-20 01:09:56 [INFO] Database: healthnest
2026-07-20 01:09:56 [INFO] Host: cluster0-shard-00-00.8emvu.mongodb.net
2026-07-20 01:09:56 [INFO] MongoDB connected successfully.
2026-07-20 01:09:56 [INFO] Database: healthnest
2026-07-20 01:09:56 [INFO] Host: cluster0-shard-00-00.8emvu.mongodb.net
2026-07-20 01:09:56 [INFO] 
=========================================
Personal Health Companion API Started
=========================================
Environment : development
Port        : 5000
API Version : v1
=========================================

2026-07-20 01:10:16 [INFO] MongoDB connection established.
2026-07-20 01:10:16 [INFO] Database: healthnest
2026-07-20 01:10:16 [INFO] Host: cluster0-shard-00-02.8emvu.mongodb.net
2026-07-20 01:10:16 [INFO] MongoDB connected successfully.
2026-07-20 01:10:16 [INFO] Database: healthnest
2026-07-20 01:10:16 [INFO] Host: cluster0-shard-00-02.8emvu.mongodb.net
2026-07-20 01:10:16 [INFO] 
=========================================
Personal Health Companion API Started
=========================================
Environment : development
Port        : 5000
API Version : v1
=========================================

2026-07-20 01:10:37 [INFO] MongoDB connection established.
2026-07-20 01:10:37 [INFO] Database: healthnest
2026-07-20 01:10:37 [INFO] Host: cluster0-shard-00-00.8emvu.mongodb.net
2026-07-20 01:10:37 [INFO] MongoDB connected successfully.
2026-07-20 01:10:37 [INFO] Database: healthnest
2026-07-20 01:10:37 [INFO] Host: cluster0-shard-00-00.8emvu.mongodb.net
2026-07-20 01:10:37 [INFO] 
=========================================
Personal Health Companion API Started
=========================================
Environment : development
Port        : 5000
API Version : v1
=========================================

2026-07-20 01:11:35 [INFO] MongoDB connection established.
2026-07-20 01:11:35 [INFO] Database: healthnest
2026-07-20 01:11:35 [INFO] Host: cluster0-shard-00-00.8emvu.mongodb.net
2026-07-20 01:11:35 [INFO] MongoDB connected successfully.
2026-07-20 01:11:35 [INFO] Database: healthnest
2026-07-20 01:11:35 [INFO] Host: cluster0-shard-00-00.8emvu.mongodb.net
2026-07-20 01:11:35 [INFO] 
=========================================
Personal Health Companion API Started
=========================================
Environment : development
Port        : 5000
API Version : v1
=========================================

2026-07-20 01:11:50 [INFO] MongoDB connection established.
2026-07-20 01:11:50 [INFO] Database: healthnest
2026-07-20 01:11:50 [INFO] Host: cluster0-shard-00-02.8emvu.mongodb.net
2026-07-20 01:11:50 [INFO] MongoDB connected successfully.
2026-07-20 01:11:50 [INFO] Database: healthnest
2026-07-20 01:11:50 [INFO] Host: cluster0-shard-00-02.8emvu.mongodb.net
2026-07-20 01:11:50 [INFO] 
=========================================
Personal Health Companion API Started
=========================================
Environment : development
Port        : 5000
API Version : v1
=========================================

2026-07-20 01:12:07 [INFO] MongoDB connection established.
2026-07-20 01:12:07 [INFO] Database: healthnest
2026-07-20 01:12:07 [INFO] Host: cluster0-shard-00-00.8emvu.mongodb.net
2026-07-20 01:12:07 [INFO] MongoDB connected successfully.
2026-07-20 01:12:07 [INFO] Database: healthnest
2026-07-20 01:12:07 [INFO] Host: cluster0-shard-00-00.8emvu.mongodb.net
2026-07-20 01:12:07 [INFO] 
=========================================
Personal Health Companion API Started
=========================================
Environment : development
Port        : 5000
API Version : v1
=========================================

2026-07-20 01:12:44 [INFO] MongoDB connection established.
2026-07-20 01:12:44 [INFO] Database: healthnest
2026-07-20 01:12:44 [INFO] Host: cluster0-shard-00-00.8emvu.mongodb.net
2026-07-20 01:12:44 [INFO] MongoDB connected successfully.
2026-07-20 01:12:44 [INFO] Database: healthnest
2026-07-20 01:12:44 [INFO] Host: cluster0-shard-00-00.8emvu.mongodb.net
2026-07-20 01:12:44 [INFO] 
=========================================
Personal Health Companion API Started
=========================================
Environment : development
Port        : 5000
API Version : v1
=========================================

2026-07-20 01:13:04 [INFO] MongoDB connection established.
2026-07-20 01:13:04 [INFO] Database: healthnest
2026-07-20 01:13:04 [INFO] Host: cluster0-shard-00-02.8emvu.mongodb.net
2026-07-20 01:13:04 [INFO] MongoDB connected successfully.
2026-07-20 01:13:04 [INFO] Database: healthnest
2026-07-20 01:13:04 [INFO] Host: cluster0-shard-00-02.8emvu.mongodb.net
2026-07-20 01:13:04 [INFO] 
=========================================
Personal Health Companion API Started
=========================================
Environment : development
Port        : 5000
API Version : v1
=========================================

2026-07-20 01:13:27 [INFO] MongoDB connection established.
2026-07-20 01:13:27 [INFO] Database: healthnest
2026-07-20 01:13:27 [INFO] Host: cluster0-shard-00-00.8emvu.mongodb.net
2026-07-20 01:13:27 [INFO] MongoDB connected successfully.
2026-07-20 01:13:27 [INFO] Database: healthnest
2026-07-20 01:13:27 [INFO] Host: cluster0-shard-00-00.8emvu.mongodb.net
2026-07-20 01:13:27 [INFO] 
=========================================
Personal Health Companion API Started
=========================================
Environment : development
Port        : 5000
API Version : v1
=========================================

2026-07-20 01:15:22 [ERROR] TypeError: getRefreshTokenExpiryDate is not a function
    at Object.login (C:\Users\promise.okere\OneDrive - Interswitch Limited\BACKEND TRAINING\CAPSTONE PROJECT\HealthNest\src\modules\auth\auth.service.js:54:28)
    at async login (C:\Users\promise.okere\OneDrive - Interswitch Limited\BACKEND TRAINING\CAPSTONE PROJECT\HealthNest\src\modules\auth\auth.controller.js:7:20)
2026-07-20 01:15:22 [HTTP] ::1 - - [20/Jul/2026:00:15:22 +0000] "POST /api/v1/auth/login HTTP/1.1" 500 552 "-" "PostmanRuntime/7.54.0"
